2025-05-19T10:05:08.431+08:00  INFO 6836 --- [springboot-jpa] [main] c.example.demo.SpringbootJpaApplication  : Starting SpringbootJpaApplication using Java 21.0.6 with PID 6836 (E:\Java Web\WordSpace\springboot-jpa\target\classes started by NTPU in E:\Java Web\WordSpace\springboot-jpa)
2025-05-19T10:05:08.434+08:00  INFO 6836 --- [springboot-jpa] [main] c.example.demo.SpringbootJpaApplication  : No active profile set, falling back to 1 default profile: "default"
2025-05-19T10:05:08.767+08:00  INFO 6836 --- [springboot-jpa] [main] .s.d.r.c.RepositoryConfigurationDelegate : Multiple Spring Data modules found, entering strict repository configuration mode
2025-05-19T10:05:08.767+08:00  INFO 6836 --- [springboot-jpa] [main] .s.d.r.c.RepositoryConfigurationDelegate : Bootstrapping Spring Data JDBC repositories in DEFAULT mode.
2025-05-19T10:05:08.785+08:00  INFO 6836 --- [springboot-jpa] [main] .RepositoryConfigurationExtensionSupport : Spring Data JDBC - Could not safely identify store assignment for repository candidate interface com.example.demo.repository.RoomRepository; If you want this repository to be a JDBC repository, consider annotating your entities with one of these annotations: org.springframework.data.relational.core.mapping.Table.
2025-05-19T10:05:08.786+08:00  INFO 6836 --- [springboot-jpa] [main] .s.d.r.c.RepositoryConfigurationDelegate : Finished Spring Data repository scanning in 15 ms. Found 0 JDBC repository interfaces.
2025-05-19T10:05:08.792+08:00  INFO 6836 --- [springboot-jpa] [main] .s.d.r.c.RepositoryConfigurationDelegate : Multiple Spring Data modules found, entering strict repository configuration mode
2025-05-19T10:05:08.792+08:00  INFO 6836 --- [springboot-jpa] [main] .s.d.r.c.RepositoryConfigurationDelegate : Bootstrapping Spring Data JPA repositories in DEFAULT mode.
2025-05-19T10:05:08.806+08:00  INFO 6836 --- [springboot-jpa] [main] .s.d.r.c.RepositoryConfigurationDelegate : Finished Spring Data repository scanning in 11 ms. Found 1 JPA repository interface.
2025-05-19T10:05:09.052+08:00  INFO 6836 --- [springboot-jpa] [main] o.s.b.w.embedded.tomcat.TomcatWebServer  : Tomcat initialized with port 8081 (http)
2025-05-19T10:05:09.062+08:00  INFO 6836 --- [springboot-jpa] [main] o.apache.catalina.core.StandardService   : Starting service [Tomcat]
2025-05-19T10:05:09.062+08:00  INFO 6836 --- [springboot-jpa] [main] o.apache.catalina.core.StandardEngine    : Starting Servlet engine: [Apache Tomcat/10.1.40]
2025-05-19T10:05:09.179+08:00  INFO 6836 --- [springboot-jpa] [main] org.apache.jasper.servlet.TldScanner     : At least one JAR was scanned for TLDs yet contained no TLDs. Enable debug logging for this logger for a complete list of JARs that were scanned but no TLDs were found in them. Skipping unneeded JARs during scanning can improve startup time and JSP compilation time.
2025-05-19T10:05:09.183+08:00  INFO 6836 --- [springboot-jpa] [main] o.a.c.c.C.[Tomcat].[localhost].[/]       : Initializing Spring embedded WebApplicationContext
2025-05-19T10:05:09.183+08:00  INFO 6836 --- [springboot-jpa] [main] w.s.c.ServletWebServerApplicationContext : Root WebApplicationContext: initialization completed in 727 ms
2025-05-19T10:05:09.266+08:00  INFO 6836 --- [springboot-jpa] [main] o.hibernate.jpa.internal.util.LogHelper  : HHH000204: Processing PersistenceUnitInfo [name: default]
2025-05-19T10:05:09.292+08:00  INFO 6836 --- [springboot-jpa] [main] org.hibernate.Version                    : HHH000412: Hibernate ORM core version 6.6.13.Final
2025-05-19T10:05:09.309+08:00  INFO 6836 --- [springboot-jpa] [main] o.h.c.internal.RegionFactoryInitiator    : HHH000026: Second-level cache disabled
2025-05-19T10:05:09.496+08:00  INFO 6836 --- [springboot-jpa] [main] o.s.o.j.p.SpringPersistenceUnitInfo      : No LoadTimeWeaver setup: ignoring JPA class transformer
2025-05-19T10:05:09.512+08:00  INFO 6836 --- [springboot-jpa] [main] com.zaxxer.hikari.HikariDataSource       : HikariPool-1 - Starting...
2025-05-19T10:05:09.614+08:00  INFO 6836 --- [springboot-jpa] [main] com.zaxxer.hikari.pool.HikariPool        : HikariPool-1 - Added connection com.mysql.cj.jdbc.ConnectionImpl@ba562e0
2025-05-19T10:05:09.615+08:00  INFO 6836 --- [springboot-jpa] [main] com.zaxxer.hikari.HikariDataSource       : HikariPool-1 - Start completed.
2025-05-19T10:05:09.662+08:00  INFO 6836 --- [springboot-jpa] [main] org.hibernate.orm.connections.pooling    : HHH10001005: Database info:
	Database JDBC URL [Connecting through datasource 'HikariDataSource (HikariPool-1)']
	Database driver: undefined/unknown
	Database version: 8.0.34
	Autocommit mode: undefined/unknown
	Isolation level: undefined/unknown
	Minimum pool size: undefined/unknown
	Maximum pool size: undefined/unknown
2025-05-19T10:05:10.092+08:00  INFO 6836 --- [springboot-jpa] [main] o.h.e.t.j.p.i.JtaPlatformInitiator       : HHH000489: No JTA platform available (set 'hibernate.transaction.jta.platform' to enable JTA platform integration)
2025-05-19T10:05:10.117+08:00  INFO 6836 --- [springboot-jpa] [main] j.LocalContainerEntityManagerFactoryBean : Initialized JPA EntityManagerFactory for persistence unit 'default'
2025-05-19T10:05:10.527+08:00  INFO 6836 --- [springboot-jpa] [main] o.s.b.w.embedded.tomcat.TomcatWebServer  : Tomcat started on port 8081 (http) with context path '/'
2025-05-19T10:05:10.531+08:00  INFO 6836 --- [springboot-jpa] [main] c.example.demo.SpringbootJpaApplication  : Started SpringbootJpaApplication in 2.331 seconds (process running for 3.055)
2025-05-19T10:05:38.526+08:00  INFO 6836 --- [springboot-jpa] [RMI TCP Connection(10)-127.0.0.1] inMXBeanRegistrar$SpringApplicationAdmin : Application shutdown requested.
2025-05-19T10:05:38.527+08:00  INFO 6836 --- [springboot-jpa] [RMI TCP Connection(10)-127.0.0.1] o.s.b.w.e.tomcat.GracefulShutdown        : Commencing graceful shutdown. Waiting for active requests to complete
2025-05-19T10:05:38.530+08:00  INFO 6836 --- [springboot-jpa] [tomcat-shutdown] o.s.b.w.e.tomcat.GracefulShutdown        : Graceful shutdown complete
2025-05-19T10:05:38.532+08:00  INFO 6836 --- [springboot-jpa] [RMI TCP Connection(10)-127.0.0.1] j.LocalContainerEntityManagerFactoryBean : Closing JPA EntityManagerFactory for persistence unit 'default'
2025-05-19T10:05:38.533+08:00  INFO 6836 --- [springboot-jpa] [RMI TCP Connection(10)-127.0.0.1] com.zaxxer.hikari.HikariDataSource       : HikariPool-1 - Shutdown initiated...
2025-05-19T10:05:38.537+08:00  INFO 6836 --- [springboot-jpa] [RMI TCP Connection(10)-127.0.0.1] com.zaxxer.hikari.HikariDataSource       : HikariPool-1 - Shutdown completed.
2025-05-19T10:05:39.776+08:00  INFO 8556 --- [springboot-jpa] [main] c.example.demo.SpringbootJpaApplication  : Starting SpringbootJpaApplication using Java 21.0.6 with PID 8556 (E:\Java Web\WordSpace\springboot-jpa\target\classes started by NTPU in E:\Java Web\WordSpace\springboot-jpa)
2025-05-19T10:05:39.778+08:00  INFO 8556 --- [springboot-jpa] [main] c.example.demo.SpringbootJpaApplication  : No active profile set, falling back to 1 default profile: "default"
2025-05-19T10:05:40.078+08:00  INFO 8556 --- [springboot-jpa] [main] .s.d.r.c.RepositoryConfigurationDelegate : Multiple Spring Data modules found, entering strict repository configuration mode
2025-05-19T10:05:40.078+08:00  INFO 8556 --- [springboot-jpa] [main] .s.d.r.c.RepositoryConfigurationDelegate : Bootstrapping Spring Data JDBC repositories in DEFAULT mode.
2025-05-19T10:05:40.095+08:00  INFO 8556 --- [springboot-jpa] [main] .RepositoryConfigurationExtensionSupport : Spring Data JDBC - Could not safely identify store assignment for repository candidate interface com.example.demo.repository.RoomRepository; If you want this repository to be a JDBC repository, consider annotating your entities with one of these annotations: org.springframework.data.relational.core.mapping.Table.
2025-05-19T10:05:40.096+08:00  INFO 8556 --- [springboot-jpa] [main] .s.d.r.c.RepositoryConfigurationDelegate : Finished Spring Data repository scanning in 14 ms. Found 0 JDBC repository interfaces.
2025-05-19T10:05:40.101+08:00  INFO 8556 --- [springboot-jpa] [main] .s.d.r.c.RepositoryConfigurationDelegate : Multiple Spring Data modules found, entering strict repository configuration mode
2025-05-19T10:05:40.102+08:00  INFO 8556 --- [springboot-jpa] [main] .s.d.r.c.RepositoryConfigurationDelegate : Bootstrapping Spring Data JPA repositories in DEFAULT mode.
2025-05-19T10:05:40.115+08:00  INFO 8556 --- [springboot-jpa] [main] .s.d.r.c.RepositoryConfigurationDelegate : Finished Spring Data repository scanning in 11 ms. Found 1 JPA repository interface.
2025-05-19T10:05:40.331+08:00  INFO 8556 --- [springboot-jpa] [main] o.s.b.w.embedded.tomcat.TomcatWebServer  : Tomcat initialized with port 8081 (http)
2025-05-19T10:05:40.339+08:00  INFO 8556 --- [springboot-jpa] [main] o.apache.catalina.core.StandardService   : Starting service [Tomcat]
2025-05-19T10:05:40.339+08:00  INFO 8556 --- [springboot-jpa] [main] o.apache.catalina.core.StandardEngine    : Starting Servlet engine: [Apache Tomcat/10.1.40]
2025-05-19T10:05:40.445+08:00  INFO 8556 --- [springboot-jpa] [main] org.apache.jasper.servlet.TldScanner     : At least one JAR was scanned for TLDs yet contained no TLDs. Enable debug logging for this logger for a complete list of JARs that were scanned but no TLDs were found in them. Skipping unneeded JARs during scanning can improve startup time and JSP compilation time.
2025-05-19T10:05:40.449+08:00  INFO 8556 --- [springboot-jpa] [main] o.a.c.c.C.[Tomcat].[localhost].[/]       : Initializing Spring embedded WebApplicationContext
2025-05-19T10:05:40.449+08:00  INFO 8556 --- [springboot-jpa] [main] w.s.c.ServletWebServerApplicationContext : Root WebApplicationContext: initialization completed in 651 ms
2025-05-19T10:05:40.524+08:00  INFO 8556 --- [springboot-jpa] [main] o.hibernate.jpa.internal.util.LogHelper  : HHH000204: Processing PersistenceUnitInfo [name: default]
2025-05-19T10:05:40.552+08:00  INFO 8556 --- [springboot-jpa] [main] org.hibernate.Version                    : HHH000412: Hibernate ORM core version 6.6.13.Final
2025-05-19T10:05:40.570+08:00  INFO 8556 --- [springboot-jpa] [main] o.h.c.internal.RegionFactoryInitiator    : HHH000026: Second-level cache disabled
2025-05-19T10:05:40.712+08:00  INFO 8556 --- [springboot-jpa] [main] o.s.o.j.p.SpringPersistenceUnitInfo      : No LoadTimeWeaver setup: ignoring JPA class transformer
2025-05-19T10:05:40.729+08:00  INFO 8556 --- [springboot-jpa] [main] com.zaxxer.hikari.HikariDataSource       : HikariPool-1 - Starting...
2025-05-19T10:05:40.822+08:00  INFO 8556 --- [springboot-jpa] [main] com.zaxxer.hikari.pool.HikariPool        : HikariPool-1 - Added connection com.mysql.cj.jdbc.ConnectionImpl@2729bb71
2025-05-19T10:05:40.823+08:00  INFO 8556 --- [springboot-jpa] [main] com.zaxxer.hikari.HikariDataSource       : HikariPool-1 - Start completed.
2025-05-19T10:05:40.867+08:00  INFO 8556 --- [springboot-jpa] [main] org.hibernate.orm.connections.pooling    : HHH10001005: Database info:
	Database JDBC URL [Connecting through datasource 'HikariDataSource (HikariPool-1)']
	Database driver: undefined/unknown
	Database version: 8.0.34
	Autocommit mode: undefined/unknown
	Isolation level: undefined/unknown
	Minimum pool size: undefined/unknown
	Maximum pool size: undefined/unknown
2025-05-19T10:05:41.277+08:00  INFO 8556 --- [springboot-jpa] [main] o.h.e.t.j.p.i.JtaPlatformInitiator       : HHH000489: No JTA platform available (set 'hibernate.transaction.jta.platform' to enable JTA platform integration)
2025-05-19T10:05:41.302+08:00  INFO 8556 --- [springboot-jpa] [main] j.LocalContainerEntityManagerFactoryBean : Initialized JPA EntityManagerFactory for persistence unit 'default'
2025-05-19T10:05:41.691+08:00  INFO 8556 --- [springboot-jpa] [main] o.s.b.w.embedded.tomcat.TomcatWebServer  : Tomcat started on port 8081 (http) with context path '/'
2025-05-19T10:05:41.695+08:00  INFO 8556 --- [springboot-jpa] [main] c.example.demo.SpringbootJpaApplication  : Started SpringbootJpaApplication in 2.128 seconds (process running for 2.441)
2025-05-19T10:05:58.093+08:00  INFO 11824 --- [springboot-jpa] [main] com.example.demo.RoomJPARead             : Starting RoomJPARead using Java 21.0.6 with PID 11824 (started by NTPU in E:\Java Web\WordSpace\springboot-jpa)
2025-05-19T10:05:58.094+08:00  INFO 11824 --- [springboot-jpa] [main] com.example.demo.RoomJPARead             : No active profile set, falling back to 1 default profile: "default"
2025-05-19T10:05:58.454+08:00  INFO 11824 --- [springboot-jpa] [main] .s.d.r.c.RepositoryConfigurationDelegate : Multiple Spring Data modules found, entering strict repository configuration mode
2025-05-19T10:05:58.455+08:00  INFO 11824 --- [springboot-jpa] [main] .s.d.r.c.RepositoryConfigurationDelegate : Bootstrapping Spring Data JDBC repositories in DEFAULT mode.
2025-05-19T10:05:58.477+08:00  INFO 11824 --- [springboot-jpa] [main] .RepositoryConfigurationExtensionSupport : Spring Data JDBC - Could not safely identify store assignment for repository candidate interface com.example.demo.repository.RoomRepository; If you want this repository to be a JDBC repository, consider annotating your entities with one of these annotations: org.springframework.data.relational.core.mapping.Table.
2025-05-19T10:05:58.478+08:00  INFO 11824 --- [springboot-jpa] [main] .s.d.r.c.RepositoryConfigurationDelegate : Finished Spring Data repository scanning in 18 ms. Found 0 JDBC repository interfaces.
2025-05-19T10:05:58.486+08:00  INFO 11824 --- [springboot-jpa] [main] .s.d.r.c.RepositoryConfigurationDelegate : Multiple Spring Data modules found, entering strict repository configuration mode
2025-05-19T10:05:58.486+08:00  INFO 11824 --- [springboot-jpa] [main] .s.d.r.c.RepositoryConfigurationDelegate : Bootstrapping Spring Data JPA repositories in DEFAULT mode.
2025-05-19T10:05:58.502+08:00  INFO 11824 --- [springboot-jpa] [main] .s.d.r.c.RepositoryConfigurationDelegate : Finished Spring Data repository scanning in 13 ms. Found 1 JPA repository interface.
2025-05-19T10:05:58.707+08:00  INFO 11824 --- [springboot-jpa] [main] o.hibernate.jpa.internal.util.LogHelper  : HHH000204: Processing PersistenceUnitInfo [name: default]
2025-05-19T10:05:58.744+08:00  INFO 11824 --- [springboot-jpa] [main] org.hibernate.Version                    : HHH000412: Hibernate ORM core version 6.6.13.Final
2025-05-19T10:05:58.767+08:00  INFO 11824 --- [springboot-jpa] [main] o.h.c.internal.RegionFactoryInitiator    : HHH000026: Second-level cache disabled
2025-05-19T10:05:58.960+08:00  INFO 11824 --- [springboot-jpa] [main] o.s.o.j.p.SpringPersistenceUnitInfo      : No LoadTimeWeaver setup: ignoring JPA class transformer
2025-05-19T10:05:58.982+08:00  INFO 11824 --- [springboot-jpa] [main] com.zaxxer.hikari.HikariDataSource       : HikariPool-1 - Starting...
2025-05-19T10:05:59.095+08:00  INFO 11824 --- [springboot-jpa] [main] com.zaxxer.hikari.pool.HikariPool        : HikariPool-1 - Added connection com.mysql.cj.jdbc.ConnectionImpl@53f7a906
2025-05-19T10:05:59.097+08:00  INFO 11824 --- [springboot-jpa] [main] com.zaxxer.hikari.HikariDataSource       : HikariPool-1 - Start completed.
2025-05-19T10:05:59.143+08:00  INFO 11824 --- [springboot-jpa] [main] org.hibernate.orm.connections.pooling    : HHH10001005: Database info:
	Database JDBC URL [Connecting through datasource 'HikariDataSource (HikariPool-1)']
	Database driver: undefined/unknown
	Database version: 8.0.34
	Autocommit mode: undefined/unknown
	Isolation level: undefined/unknown
	Minimum pool size: undefined/unknown
	Maximum pool size: undefined/unknown
2025-05-19T10:05:59.579+08:00  INFO 11824 --- [springboot-jpa] [main] o.h.e.t.j.p.i.JtaPlatformInitiator       : HHH000489: No JTA platform available (set 'hibernate.transaction.jta.platform' to enable JTA platform integration)
2025-05-19T10:05:59.604+08:00  INFO 11824 --- [springboot-jpa] [main] j.LocalContainerEntityManagerFactoryBean : Initialized JPA EntityManagerFactory for persistence unit 'default'
2025-05-19T10:06:00.145+08:00  INFO 11824 --- [springboot-jpa] [main] com.example.demo.RoomJPARead             : Started RoomJPARead in 2.253 seconds (process running for 3.046)
2025-05-19T10:06:00.601+08:00  INFO 11824 --- [springboot-jpa] [SpringApplicationShutdownHook] j.LocalContainerEntityManagerFactoryBean : Closing JPA EntityManagerFactory for persistence unit 'default'
2025-05-19T10:06:00.602+08:00  INFO 11824 --- [springboot-jpa] [SpringApplicationShutdownHook] com.zaxxer.hikari.HikariDataSource       : HikariPool-1 - Shutdown initiated...
2025-05-19T10:06:00.606+08:00  INFO 11824 --- [springboot-jpa] [SpringApplicationShutdownHook] com.zaxxer.hikari.HikariDataSource       : HikariPool-1 - Shutdown completed.
2025-05-19T10:06:02.718+08:00  INFO 8556 --- [springboot-jpa] [RMI TCP Connection(2)-127.0.0.1] inMXBeanRegistrar$SpringApplicationAdmin : Application shutdown requested.
2025-05-19T10:06:02.719+08:00  INFO 8556 --- [springboot-jpa] [RMI TCP Connection(2)-127.0.0.1] o.s.b.w.e.tomcat.GracefulShutdown        : Commencing graceful shutdown. Waiting for active requests to complete
2025-05-19T10:06:02.722+08:00  INFO 8556 --- [springboot-jpa] [tomcat-shutdown] o.s.b.w.e.tomcat.GracefulShutdown        : Graceful shutdown complete
2025-05-19T10:06:02.724+08:00  INFO 8556 --- [springboot-jpa] [RMI TCP Connection(2)-127.0.0.1] j.LocalContainerEntityManagerFactoryBean : Closing JPA EntityManagerFactory for persistence unit 'default'
2025-05-19T10:06:02.725+08:00  INFO 8556 --- [springboot-jpa] [RMI TCP Connection(2)-127.0.0.1] com.zaxxer.hikari.HikariDataSource       : HikariPool-1 - Shutdown initiated...
2025-05-19T10:06:02.729+08:00  INFO 8556 --- [springboot-jpa] [RMI TCP Connection(2)-127.0.0.1] com.zaxxer.hikari.HikariDataSource       : HikariPool-1 - Shutdown completed.
2025-05-19T10:06:17.438+08:00  INFO 8516 --- [springboot-jpa] [main] com.example.demo.RoomJPARead             : Starting RoomJPARead using Java 21.0.6 with PID 8516 (started by NTPU in E:\Java Web\WordSpace\springboot-jpa)
2025-05-19T10:06:17.438+08:00  INFO 8516 --- [springboot-jpa] [main] com.example.demo.RoomJPARead             : No active profile set, falling back to 1 default profile: "default"
2025-05-19T10:06:17.804+08:00  INFO 8516 --- [springboot-jpa] [main] .s.d.r.c.RepositoryConfigurationDelegate : Multiple Spring Data modules found, entering strict repository configuration mode
2025-05-19T10:06:17.805+08:00  INFO 8516 --- [springboot-jpa] [main] .s.d.r.c.RepositoryConfigurationDelegate : Bootstrapping Spring Data JDBC repositories in DEFAULT mode.
2025-05-19T10:06:17.826+08:00  INFO 8516 --- [springboot-jpa] [main] .RepositoryConfigurationExtensionSupport : Spring Data JDBC - Could not safely identify store assignment for repository candidate interface com.example.demo.repository.RoomRepository; If you want this repository to be a JDBC repository, consider annotating your entities with one of these annotations: org.springframework.data.relational.core.mapping.Table.
2025-05-19T10:06:17.827+08:00  INFO 8516 --- [springboot-jpa] [main] .s.d.r.c.RepositoryConfigurationDelegate : Finished Spring Data repository scanning in 16 ms. Found 0 JDBC repository interfaces.
2025-05-19T10:06:17.835+08:00  INFO 8516 --- [springboot-jpa] [main] .s.d.r.c.RepositoryConfigurationDelegate : Multiple Spring Data modules found, entering strict repository configuration mode
2025-05-19T10:06:17.836+08:00  INFO 8516 --- [springboot-jpa] [main] .s.d.r.c.RepositoryConfigurationDelegate : Bootstrapping Spring Data JPA repositories in DEFAULT mode.
2025-05-19T10:06:17.851+08:00  INFO 8516 --- [springboot-jpa] [main] .s.d.r.c.RepositoryConfigurationDelegate : Finished Spring Data repository scanning in 12 ms. Found 1 JPA repository interface.
2025-05-19T10:06:18.051+08:00  INFO 8516 --- [springboot-jpa] [main] o.hibernate.jpa.internal.util.LogHelper  : HHH000204: Processing PersistenceUnitInfo [name: default]
2025-05-19T10:06:18.088+08:00  INFO 8516 --- [springboot-jpa] [main] org.hibernate.Version                    : HHH000412: Hibernate ORM core version 6.6.13.Final
2025-05-19T10:06:18.111+08:00  INFO 8516 --- [springboot-jpa] [main] o.h.c.internal.RegionFactoryInitiator    : HHH000026: Second-level cache disabled
2025-05-19T10:06:18.294+08:00  INFO 8516 --- [springboot-jpa] [main] o.s.o.j.p.SpringPersistenceUnitInfo      : No LoadTimeWeaver setup: ignoring JPA class transformer
2025-05-19T10:06:18.317+08:00  INFO 8516 --- [springboot-jpa] [main] com.zaxxer.hikari.HikariDataSource       : HikariPool-1 - Starting...
2025-05-19T10:06:18.457+08:00  INFO 8516 --- [springboot-jpa] [main] com.zaxxer.hikari.pool.HikariPool        : HikariPool-1 - Added connection com.mysql.cj.jdbc.ConnectionImpl@8b670c0
2025-05-19T10:06:18.458+08:00  INFO 8516 --- [springboot-jpa] [main] com.zaxxer.hikari.HikariDataSource       : HikariPool-1 - Start completed.
2025-05-19T10:06:18.512+08:00  INFO 8516 --- [springboot-jpa] [main] org.hibernate.orm.connections.pooling    : HHH10001005: Database info:
	Database JDBC URL [Connecting through datasource 'HikariDataSource (HikariPool-1)']
	Database driver: undefined/unknown
	Database version: 8.0.34
	Autocommit mode: undefined/unknown
	Isolation level: undefined/unknown
	Minimum pool size: undefined/unknown
	Maximum pool size: undefined/unknown
2025-05-19T10:06:18.944+08:00  INFO 8516 --- [springboot-jpa] [main] o.h.e.t.j.p.i.JtaPlatformInitiator       : HHH000489: No JTA platform available (set 'hibernate.transaction.jta.platform' to enable JTA platform integration)
2025-05-19T10:06:18.967+08:00  INFO 8516 --- [springboot-jpa] [main] j.LocalContainerEntityManagerFactoryBean : Initialized JPA EntityManagerFactory for persistence unit 'default'
2025-05-19T10:06:19.561+08:00  INFO 8516 --- [springboot-jpa] [main] com.example.demo.RoomJPARead             : Started RoomJPARead in 2.318 seconds (process running for 2.861)
2025-05-19T10:06:19.935+08:00  INFO 8516 --- [springboot-jpa] [SpringApplicationShutdownHook] j.LocalContainerEntityManagerFactoryBean : Closing JPA EntityManagerFactory for persistence unit 'default'
2025-05-19T10:06:19.936+08:00  INFO 8516 --- [springboot-jpa] [SpringApplicationShutdownHook] com.zaxxer.hikari.HikariDataSource       : HikariPool-1 - Shutdown initiated...
2025-05-19T10:06:19.941+08:00  INFO 8516 --- [springboot-jpa] [SpringApplicationShutdownHook] com.zaxxer.hikari.HikariDataSource       : HikariPool-1 - Shutdown completed.
2025-05-19T10:06:37.277+08:00  INFO 7220 --- [springboot-jpa] [main] com.example.demo.RoomJPATest             : Starting RoomJPATest using Java 21.0.6 with PID 7220 (started by NTPU in E:\Java Web\WordSpace\springboot-jpa)
2025-05-19T10:06:37.278+08:00  INFO 7220 --- [springboot-jpa] [main] com.example.demo.RoomJPATest             : No active profile set, falling back to 1 default profile: "default"
2025-05-19T10:06:37.636+08:00  INFO 7220 --- [springboot-jpa] [main] .s.d.r.c.RepositoryConfigurationDelegate : Multiple Spring Data modules found, entering strict repository configuration mode
2025-05-19T10:06:37.637+08:00  INFO 7220 --- [springboot-jpa] [main] .s.d.r.c.RepositoryConfigurationDelegate : Bootstrapping Spring Data JDBC repositories in DEFAULT mode.
2025-05-19T10:06:37.659+08:00  INFO 7220 --- [springboot-jpa] [main] .RepositoryConfigurationExtensionSupport : Spring Data JDBC - Could not safely identify store assignment for repository candidate interface com.example.demo.repository.RoomRepository; If you want this repository to be a JDBC repository, consider annotating your entities with one of these annotations: org.springframework.data.relational.core.mapping.Table.
2025-05-19T10:06:37.660+08:00  INFO 7220 --- [springboot-jpa] [main] .s.d.r.c.RepositoryConfigurationDelegate : Finished Spring Data repository scanning in 17 ms. Found 0 JDBC repository interfaces.
2025-05-19T10:06:37.670+08:00  INFO 7220 --- [springboot-jpa] [main] .s.d.r.c.RepositoryConfigurationDelegate : Multiple Spring Data modules found, entering strict repository configuration mode
2025-05-19T10:06:37.670+08:00  INFO 7220 --- [springboot-jpa] [main] .s.d.r.c.RepositoryConfigurationDelegate : Bootstrapping Spring Data JPA repositories in DEFAULT mode.
2025-05-19T10:06:37.687+08:00  INFO 7220 --- [springboot-jpa] [main] .s.d.r.c.RepositoryConfigurationDelegate : Finished Spring Data repository scanning in 13 ms. Found 1 JPA repository interface.
2025-05-19T10:06:37.896+08:00  INFO 7220 --- [springboot-jpa] [main] o.hibernate.jpa.internal.util.LogHelper  : HHH000204: Processing PersistenceUnitInfo [name: default]
2025-05-19T10:06:37.930+08:00  INFO 7220 --- [springboot-jpa] [main] org.hibernate.Version                    : HHH000412: Hibernate ORM core version 6.6.13.Final
2025-05-19T10:06:37.953+08:00  INFO 7220 --- [springboot-jpa] [main] o.h.c.internal.RegionFactoryInitiator    : HHH000026: Second-level cache disabled
2025-05-19T10:06:38.146+08:00  INFO 7220 --- [springboot-jpa] [main] o.s.o.j.p.SpringPersistenceUnitInfo      : No LoadTimeWeaver setup: ignoring JPA class transformer
2025-05-19T10:06:38.168+08:00  INFO 7220 --- [springboot-jpa] [main] com.zaxxer.hikari.HikariDataSource       : HikariPool-1 - Starting...
2025-05-19T10:06:38.272+08:00  INFO 7220 --- [springboot-jpa] [main] com.zaxxer.hikari.pool.HikariPool        : HikariPool-1 - Added connection com.mysql.cj.jdbc.ConnectionImpl@351e89fc
2025-05-19T10:06:38.273+08:00  INFO 7220 --- [springboot-jpa] [main] com.zaxxer.hikari.HikariDataSource       : HikariPool-1 - Start completed.
2025-05-19T10:06:38.316+08:00  INFO 7220 --- [springboot-jpa] [main] org.hibernate.orm.connections.pooling    : HHH10001005: Database info:
	Database JDBC URL [Connecting through datasource 'HikariDataSource (HikariPool-1)']
	Database driver: undefined/unknown
	Database version: 8.0.34
	Autocommit mode: undefined/unknown
	Isolation level: undefined/unknown
	Minimum pool size: undefined/unknown
	Maximum pool size: undefined/unknown
2025-05-19T10:06:38.747+08:00  INFO 7220 --- [springboot-jpa] [main] o.h.e.t.j.p.i.JtaPlatformInitiator       : HHH000489: No JTA platform available (set 'hibernate.transaction.jta.platform' to enable JTA platform integration)
2025-05-19T10:06:38.773+08:00  INFO 7220 --- [springboot-jpa] [main] j.LocalContainerEntityManagerFactoryBean : Initialized JPA EntityManagerFactory for persistence unit 'default'
2025-05-19T10:06:39.325+08:00  INFO 7220 --- [springboot-jpa] [main] com.example.demo.RoomJPATest             : Started RoomJPATest in 2.239 seconds (process running for 2.771)
2025-05-19T10:06:57.001+08:00  INFO 7220 --- [springboot-jpa] [SpringApplicationShutdownHook] j.LocalContainerEntityManagerFactoryBean : Closing JPA EntityManagerFactory for persistence unit 'default'
2025-05-19T10:06:57.002+08:00  INFO 7220 --- [springboot-jpa] [SpringApplicationShutdownHook] com.zaxxer.hikari.HikariDataSource       : HikariPool-1 - Shutdown initiated...
2025-05-19T10:06:57.007+08:00  INFO 7220 --- [springboot-jpa] [SpringApplicationShutdownHook] com.zaxxer.hikari.HikariDataSource       : HikariPool-1 - Shutdown completed.
2025-05-19T10:07:20.598+08:00  INFO 1680 --- [springboot-jpa] [main] com.example.demo.RoomJPATest             : Starting RoomJPATest using Java 21.0.6 with PID 1680 (started by NTPU in E:\Java Web\WordSpace\springboot-jpa)
2025-05-19T10:07:20.599+08:00  INFO 1680 --- [springboot-jpa] [main] com.example.demo.RoomJPATest             : No active profile set, falling back to 1 default profile: "default"
2025-05-19T10:07:20.972+08:00  INFO 1680 --- [springboot-jpa] [main] .s.d.r.c.RepositoryConfigurationDelegate : Multiple Spring Data modules found, entering strict repository configuration mode
2025-05-19T10:07:20.973+08:00  INFO 1680 --- [springboot-jpa] [main] .s.d.r.c.RepositoryConfigurationDelegate : Bootstrapping Spring Data JDBC repositories in DEFAULT mode.
2025-05-19T10:07:20.993+08:00  INFO 1680 --- [springboot-jpa] [main] .RepositoryConfigurationExtensionSupport : Spring Data JDBC - Could not safely identify store assignment for repository candidate interface com.example.demo.repository.RoomRepository; If you want this repository to be a JDBC repository, consider annotating your entities with one of these annotations: org.springframework.data.relational.core.mapping.Table.
2025-05-19T10:07:20.994+08:00  INFO 1680 --- [springboot-jpa] [main] .s.d.r.c.RepositoryConfigurationDelegate : Finished Spring Data repository scanning in 16 ms. Found 0 JDBC repository interfaces.
2025-05-19T10:07:21.003+08:00  INFO 1680 --- [springboot-jpa] [main] .s.d.r.c.RepositoryConfigurationDelegate : Multiple Spring Data modules found, entering strict repository configuration mode
2025-05-19T10:07:21.003+08:00  INFO 1680 --- [springboot-jpa] [main] .s.d.r.c.RepositoryConfigurationDelegate : Bootstrapping Spring Data JPA repositories in DEFAULT mode.
2025-05-19T10:07:21.020+08:00  INFO 1680 --- [springboot-jpa] [main] .s.d.r.c.RepositoryConfigurationDelegate : Finished Spring Data repository scanning in 13 ms. Found 1 JPA repository interface.
2025-05-19T10:07:21.222+08:00  INFO 1680 --- [springboot-jpa] [main] o.hibernate.jpa.internal.util.LogHelper  : HHH000204: Processing PersistenceUnitInfo [name: default]
2025-05-19T10:07:21.262+08:00  INFO 1680 --- [springboot-jpa] [main] org.hibernate.Version                    : HHH000412: Hibernate ORM core version 6.6.13.Final
2025-05-19T10:07:21.284+08:00  INFO 1680 --- [springboot-jpa] [main] o.h.c.internal.RegionFactoryInitiator    : HHH000026: Second-level cache disabled
2025-05-19T10:07:21.469+08:00  INFO 1680 --- [springboot-jpa] [main] o.s.o.j.p.SpringPersistenceUnitInfo      : No LoadTimeWeaver setup: ignoring JPA class transformer
2025-05-19T10:07:21.492+08:00  INFO 1680 --- [springboot-jpa] [main] com.zaxxer.hikari.HikariDataSource       : HikariPool-1 - Starting...
2025-05-19T10:07:21.598+08:00  INFO 1680 --- [springboot-jpa] [main] com.zaxxer.hikari.pool.HikariPool        : HikariPool-1 - Added connection com.mysql.cj.jdbc.ConnectionImpl@2b682e9
2025-05-19T10:07:21.599+08:00  INFO 1680 --- [springboot-jpa] [main] com.zaxxer.hikari.HikariDataSource       : HikariPool-1 - Start completed.
2025-05-19T10:07:21.644+08:00  INFO 1680 --- [springboot-jpa] [main] org.hibernate.orm.connections.pooling    : HHH10001005: Database info:
	Database JDBC URL [Connecting through datasource 'HikariDataSource (HikariPool-1)']
	Database driver: undefined/unknown
	Database version: 8.0.34
	Autocommit mode: undefined/unknown
	Isolation level: undefined/unknown
	Minimum pool size: undefined/unknown
	Maximum pool size: undefined/unknown
2025-05-19T10:07:22.095+08:00  INFO 1680 --- [springboot-jpa] [main] o.h.e.t.j.p.i.JtaPlatformInitiator       : HHH000489: No JTA platform available (set 'hibernate.transaction.jta.platform' to enable JTA platform integration)
2025-05-19T10:07:22.122+08:00  INFO 1680 --- [springboot-jpa] [main] j.LocalContainerEntityManagerFactoryBean : Initialized JPA EntityManagerFactory for persistence unit 'default'
2025-05-19T10:07:22.746+08:00  INFO 1680 --- [springboot-jpa] [main] com.example.demo.RoomJPATest             : Started RoomJPATest in 2.341 seconds (process running for 2.878)
2025-05-19T10:07:36.521+08:00  INFO 1680 --- [springboot-jpa] [SpringApplicationShutdownHook] j.LocalContainerEntityManagerFactoryBean : Closing JPA EntityManagerFactory for persistence unit 'default'
2025-05-19T10:07:36.522+08:00  INFO 1680 --- [springboot-jpa] [SpringApplicationShutdownHook] com.zaxxer.hikari.HikariDataSource       : HikariPool-1 - Shutdown initiated...
2025-05-19T10:07:36.527+08:00  INFO 1680 --- [springboot-jpa] [SpringApplicationShutdownHook] com.zaxxer.hikari.HikariDataSource       : HikariPool-1 - Shutdown completed.
2025-05-19T10:07:59.003+08:00  INFO 11284 --- [springboot-jpa] [main] com.example.demo.RoomJPARead             : Starting RoomJPARead using Java 21.0.6 with PID 11284 (started by NTPU in E:\Java Web\WordSpace\springboot-jpa)
2025-05-19T10:07:59.004+08:00  INFO 11284 --- [springboot-jpa] [main] com.example.demo.RoomJPARead             : No active profile set, falling back to 1 default profile: "default"
2025-05-19T10:07:59.360+08:00  INFO 11284 --- [springboot-jpa] [main] .s.d.r.c.RepositoryConfigurationDelegate : Multiple Spring Data modules found, entering strict repository configuration mode
2025-05-19T10:07:59.360+08:00  INFO 11284 --- [springboot-jpa] [main] .s.d.r.c.RepositoryConfigurationDelegate : Bootstrapping Spring Data JDBC repositories in DEFAULT mode.
2025-05-19T10:07:59.382+08:00  INFO 11284 --- [springboot-jpa] [main] .RepositoryConfigurationExtensionSupport : Spring Data JDBC - Could not safely identify store assignment for repository candidate interface com.example.demo.repository.RoomRepository; If you want this repository to be a JDBC repository, consider annotating your entities with one of these annotations: org.springframework.data.relational.core.mapping.Table.
2025-05-19T10:07:59.382+08:00  INFO 11284 --- [springboot-jpa] [main] .s.d.r.c.RepositoryConfigurationDelegate : Finished Spring Data repository scanning in 16 ms. Found 0 JDBC repository interfaces.
2025-05-19T10:07:59.391+08:00  INFO 11284 --- [springboot-jpa] [main] .s.d.r.c.RepositoryConfigurationDelegate : Multiple Spring Data modules found, entering strict repository configuration mode
2025-05-19T10:07:59.392+08:00  INFO 11284 --- [springboot-jpa] [main] .s.d.r.c.RepositoryConfigurationDelegate : Bootstrapping Spring Data JPA repositories in DEFAULT mode.
2025-05-19T10:07:59.409+08:00  INFO 11284 --- [springboot-jpa] [main] .s.d.r.c.RepositoryConfigurationDelegate : Finished Spring Data repository scanning in 13 ms. Found 1 JPA repository interface.
2025-05-19T10:07:59.615+08:00  INFO 11284 --- [springboot-jpa] [main] o.hibernate.jpa.internal.util.LogHelper  : HHH000204: Processing PersistenceUnitInfo [name: default]
2025-05-19T10:07:59.652+08:00  INFO 11284 --- [springboot-jpa] [main] org.hibernate.Version                    : HHH000412: Hibernate ORM core version 6.6.13.Final
2025-05-19T10:07:59.673+08:00  INFO 11284 --- [springboot-jpa] [main] o.h.c.internal.RegionFactoryInitiator    : HHH000026: Second-level cache disabled
2025-05-19T10:07:59.860+08:00  INFO 11284 --- [springboot-jpa] [main] o.s.o.j.p.SpringPersistenceUnitInfo      : No LoadTimeWeaver setup: ignoring JPA class transformer
2025-05-19T10:07:59.882+08:00  INFO 11284 --- [springboot-jpa] [main] com.zaxxer.hikari.HikariDataSource       : HikariPool-1 - Starting...
2025-05-19T10:07:59.991+08:00  INFO 11284 --- [springboot-jpa] [main] com.zaxxer.hikari.pool.HikariPool        : HikariPool-1 - Added connection com.mysql.cj.jdbc.ConnectionImpl@12e5d3e1
2025-05-19T10:07:59.993+08:00  INFO 11284 --- [springboot-jpa] [main] com.zaxxer.hikari.HikariDataSource       : HikariPool-1 - Start completed.
2025-05-19T10:08:00.039+08:00  INFO 11284 --- [springboot-jpa] [main] org.hibernate.orm.connections.pooling    : HHH10001005: Database info:
	Database JDBC URL [Connecting through datasource 'HikariDataSource (HikariPool-1)']
	Database driver: undefined/unknown
	Database version: 8.0.34
	Autocommit mode: undefined/unknown
	Isolation level: undefined/unknown
	Minimum pool size: undefined/unknown
	Maximum pool size: undefined/unknown
2025-05-19T10:08:00.470+08:00  INFO 11284 --- [springboot-jpa] [main] o.h.e.t.j.p.i.JtaPlatformInitiator       : HHH000489: No JTA platform available (set 'hibernate.transaction.jta.platform' to enable JTA platform integration)
2025-05-19T10:08:00.495+08:00  INFO 11284 --- [springboot-jpa] [main] j.LocalContainerEntityManagerFactoryBean : Initialized JPA EntityManagerFactory for persistence unit 'default'
2025-05-19T10:08:01.047+08:00  INFO 11284 --- [springboot-jpa] [main] com.example.demo.RoomJPARead             : Started RoomJPARead in 2.245 seconds (process running for 2.779)
2025-05-19T10:08:01.456+08:00  INFO 11284 --- [springboot-jpa] [SpringApplicationShutdownHook] j.LocalContainerEntityManagerFactoryBean : Closing JPA EntityManagerFactory for persistence unit 'default'
2025-05-19T10:08:01.457+08:00  INFO 11284 --- [springboot-jpa] [SpringApplicationShutdownHook] com.zaxxer.hikari.HikariDataSource       : HikariPool-1 - Shutdown initiated...
2025-05-19T10:08:01.462+08:00  INFO 11284 --- [springboot-jpa] [SpringApplicationShutdownHook] com.zaxxer.hikari.HikariDataSource       : HikariPool-1 - Shutdown completed.
2025-05-19T10:20:30.525+08:00  INFO 4008 --- [springboot-jpa] [main] com.example.demo.RoomJPARead             : Starting RoomJPARead using Java 21.0.6 with PID 4008 (started by NTPU in E:\Java Web\WordSpace\springboot-jpa)
2025-05-19T10:20:30.526+08:00  INFO 4008 --- [springboot-jpa] [main] com.example.demo.RoomJPARead             : No active profile set, falling back to 1 default profile: "default"
2025-05-19T10:20:30.892+08:00  INFO 4008 --- [springboot-jpa] [main] .s.d.r.c.RepositoryConfigurationDelegate : Multiple Spring Data modules found, entering strict repository configuration mode
2025-05-19T10:20:30.893+08:00  INFO 4008 --- [springboot-jpa] [main] .s.d.r.c.RepositoryConfigurationDelegate : Bootstrapping Spring Data JDBC repositories in DEFAULT mode.
2025-05-19T10:20:30.913+08:00  INFO 4008 --- [springboot-jpa] [main] .RepositoryConfigurationExtensionSupport : Spring Data JDBC - Could not safely identify store assignment for repository candidate interface com.example.demo.repository.RoomRepository; If you want this repository to be a JDBC repository, consider annotating your entities with one of these annotations: org.springframework.data.relational.core.mapping.Table.
2025-05-19T10:20:30.914+08:00  INFO 4008 --- [springboot-jpa] [main] .s.d.r.c.RepositoryConfigurationDelegate : Finished Spring Data repository scanning in 17 ms. Found 0 JDBC repository interfaces.
2025-05-19T10:20:30.922+08:00  INFO 4008 --- [springboot-jpa] [main] .s.d.r.c.RepositoryConfigurationDelegate : Multiple Spring Data modules found, entering strict repository configuration mode
2025-05-19T10:20:30.923+08:00  INFO 4008 --- [springboot-jpa] [main] .s.d.r.c.RepositoryConfigurationDelegate : Bootstrapping Spring Data JPA repositories in DEFAULT mode.
2025-05-19T10:20:30.939+08:00  INFO 4008 --- [springboot-jpa] [main] .s.d.r.c.RepositoryConfigurationDelegate : Finished Spring Data repository scanning in 13 ms. Found 1 JPA repository interface.
2025-05-19T10:20:31.138+08:00  INFO 4008 --- [springboot-jpa] [main] o.hibernate.jpa.internal.util.LogHelper  : HHH000204: Processing PersistenceUnitInfo [name: default]
2025-05-19T10:20:31.176+08:00  INFO 4008 --- [springboot-jpa] [main] org.hibernate.Version                    : HHH000412: Hibernate ORM core version 6.6.13.Final
2025-05-19T10:20:31.199+08:00  INFO 4008 --- [springboot-jpa] [main] o.h.c.internal.RegionFactoryInitiator    : HHH000026: Second-level cache disabled
2025-05-19T10:20:31.382+08:00  INFO 4008 --- [springboot-jpa] [main] o.s.o.j.p.SpringPersistenceUnitInfo      : No LoadTimeWeaver setup: ignoring JPA class transformer
2025-05-19T10:20:31.403+08:00  INFO 4008 --- [springboot-jpa] [main] com.zaxxer.hikari.HikariDataSource       : HikariPool-1 - Starting...
2025-05-19T10:20:31.516+08:00  INFO 4008 --- [springboot-jpa] [main] com.zaxxer.hikari.pool.HikariPool        : HikariPool-1 - Added connection com.mysql.cj.jdbc.ConnectionImpl@360d41d0
2025-05-19T10:20:31.517+08:00  INFO 4008 --- [springboot-jpa] [main] com.zaxxer.hikari.HikariDataSource       : HikariPool-1 - Start completed.
2025-05-19T10:20:31.561+08:00  INFO 4008 --- [springboot-jpa] [main] org.hibernate.orm.connections.pooling    : HHH10001005: Database info:
	Database JDBC URL [Connecting through datasource 'HikariDataSource (HikariPool-1)']
	Database driver: undefined/unknown
	Database version: 8.0.34
	Autocommit mode: undefined/unknown
	Isolation level: undefined/unknown
	Minimum pool size: undefined/unknown
	Maximum pool size: undefined/unknown
2025-05-19T10:20:31.996+08:00  INFO 4008 --- [springboot-jpa] [main] o.h.e.t.j.p.i.JtaPlatformInitiator       : HHH000489: No JTA platform available (set 'hibernate.transaction.jta.platform' to enable JTA platform integration)
2025-05-19T10:20:32.021+08:00  INFO 4008 --- [springboot-jpa] [main] j.LocalContainerEntityManagerFactoryBean : Initialized JPA EntityManagerFactory for persistence unit 'default'
2025-05-19T10:20:32.512+08:00  INFO 4008 --- [springboot-jpa] [main] o.s.d.j.r.query.QueryEnhancerFactory     : Hibernate is in classpath; If applicable, HQL parser will be used.
2025-05-19T10:20:32.852+08:00  INFO 4008 --- [springboot-jpa] [main] com.example.demo.RoomJPARead             : Started RoomJPARead in 2.519 seconds (process running for 3.068)
2025-05-19T10:20:33.240+08:00  INFO 4008 --- [springboot-jpa] [SpringApplicationShutdownHook] j.LocalContainerEntityManagerFactoryBean : Closing JPA EntityManagerFactory for persistence unit 'default'
2025-05-19T10:20:33.241+08:00  INFO 4008 --- [springboot-jpa] [SpringApplicationShutdownHook] com.zaxxer.hikari.HikariDataSource       : HikariPool-1 - Shutdown initiated...
2025-05-19T10:20:33.246+08:00  INFO 4008 --- [springboot-jpa] [SpringApplicationShutdownHook] com.zaxxer.hikari.HikariDataSource       : HikariPool-1 - Shutdown completed.
